This file contains any messages produced by compilers while
running configure, to aid debugging if configure makes a mistake.

It was created by VM configure 8.1.93a, which was
generated by GNU Autoconf 2.68.  Invocation command line was

  $ ./configure 

## --------- ##
## Platform. ##
## --------- ##

hostname = destructor
uname -m = x86_64
uname -r = 2.6.38-ARCH
uname -s = Linux
uname -v = #1 SMP PREEMPT Fri May 13 09:24:47 CEST 2011

/usr/bin/uname -p = unknown
/bin/uname -X     = unknown

/bin/arch              = x86_64
/usr/bin/arch -k       = unknown
/usr/convex/getsysinfo = unknown
/usr/bin/hostinfo      = unknown
/bin/machine           = unknown
/usr/bin/oslevel       = unknown
/bin/universe          = unknown

PATH: /usr/local/bin
PATH: /usr/bin
PATH: /bin
PATH: /usr/local/sbin
PATH: /usr/sbin
PATH: /sbin
PATH: /usr/bin/core_perl
PATH: /opt/local/bin
PATH: /opt/local/sbin
PATH: /usr/local/git/bin
PATH: /home/jdd/bin
PATH: /usr/local/bin
PATH: /home/jdd/pear/bin


## ----------- ##
## Core tests. ##
## ----------- ##

configure:1708: checking whether make sets $(MAKE)
configure:1730: result: yes
configure:1782: checking for a BSD-compatible install
configure:1850: result: /bin/install -c
configure:1861: checking whether ln -s works
configure:1865: result: yes
configure:1874: checking for rm
configure:1892: found /bin/rm
configure:1905: result: /bin/rm
configure:1915: checking for ls
configure:1933: found /bin/ls
configure:1946: result: /bin/ls
configure:1956: checking for mkdir
configure:1974: found /bin/mkdir
configure:1987: result: /bin/mkdir
configure:1997: checking for grep
configure:2015: found /bin/grep
configure:2028: result: /bin/grep
configure:2040: checking for xargs
configure:2056: found /usr/bin/xargs
configure:2067: result: xargs
configure:2085: checking for gtar
configure:2115: result: no
configure:2085: checking for tar
configure:2101: found /bin/tar
configure:2112: result: tar
configure:2124: checking that tar is GNU tar
configure:2131: result: yes
configure:2143: checking for makeinfo
configure:2159: found /usr/bin/makeinfo
configure:2170: result: makeinfo
configure:2186: checking for texi2dvi
configure:2202: found /usr/bin/texi2dvi
configure:2213: result: texi2dvi
configure:2237: checking for emacs
configure:2253: found /usr/local/bin/emacs
configure:2264: result: emacs
configure:2281: checking checking emacs-type of emacs
configure:2287: result: emacs
configure:2290: checking checking emacs-version of emacs
configure:2301: result: 24
configure:2311: checking where .elc files should go
configure:2337: result: $(prefix)/share/emacs/site-lisp/vm
configure:2347: checking where pixmaps should go
configure:2352: result: $(prefix)/share/vm
configure:2367: checking which options to pass on to (X)Emacs
configure:2378: result: -batch -q -no-site-file -no-init-file -l $(srcdir)/vm-build.el
configure:2383: checking where the TeXinfo docs should go
configure:2394: result: ${datarootdir}/info
configure:2410: checking otherdirs
configure:2425: result: nil
configure:2622: creating ./config.status

## ---------------------- ##
## Running config.status. ##
## ---------------------- ##

This file was extended by VM config.status 8.1.93a, which was
generated by GNU Autoconf 2.68.  Invocation command line was

  CONFIG_FILES    = 
  CONFIG_HEADERS  = 
  CONFIG_LINKS    = 
  CONFIG_COMMANDS = 
  $ ./config.status 

on destructor

config.status:754: creating Makefile
config.status:754: creating lisp/Makefile
config.status:754: creating info/Makefile
config.status:754: creating src/Makefile
config.status:754: creating pixmaps/Makefile
config.status:754: creating vm-load.el

## ---------------- ##
## Cache variables. ##
## ---------------- ##

ac_cv_env_build_alias_set=
ac_cv_env_build_alias_value=
ac_cv_env_host_alias_set=
ac_cv_env_host_alias_value=
ac_cv_env_target_alias_set=
ac_cv_env_target_alias_value=
ac_cv_path_GREP=/bin/grep
ac_cv_path_LS=/bin/ls
ac_cv_path_MKDIR=/bin/mkdir
ac_cv_path_RM=/bin/rm
ac_cv_path_install='/bin/install -c'
ac_cv_prog_EMACS_PROG=emacs
ac_cv_prog_MAKEINFO=makeinfo
ac_cv_prog_TAR=tar
ac_cv_prog_TEXI2DVI=texi2dvi
ac_cv_prog_XARGS=xargs
ac_cv_prog_make_make_set=yes

## ----------------- ##
## Output variables. ##
## ----------------- ##

DEFS='-DPACKAGE_NAME=\"VM\" -DPACKAGE_TARNAME=\"vm\" -DPACKAGE_VERSION=\"8.1.93a\" -DPACKAGE_STRING=\"VM\ 8.1.93a\" -DPACKAGE_BUGREPORT=\"vm@lists.launchpad.net\" -DPACKAGE_URL=\"\"'
ECHO_C=''
ECHO_N='-n'
ECHO_T=''
EMACS_FLAVOR='emacs'
EMACS_PROG='emacs'
EMACS_VERSION='24'
FLAGS='-batch -q -no-site-file -no-init-file -l $(srcdir)/vm-build.el'
GREP='/bin/grep'
INSTALL_DATA='${INSTALL} -m 644'
INSTALL_PROGRAM='${INSTALL}'
INSTALL_SCRIPT='${INSTALL}'
LIBOBJS=''
LIBS=''
LINKPATH=''
LN_S='ln -s'
LS='/bin/ls'
LTLIBOBJS=''
MAKEINFO='makeinfo'
MKDIR='/bin/mkdir'
OTHERDIRS='nil'
PACKAGEDIR=''
PACKAGE_BUGREPORT='vm@lists.launchpad.net'
PACKAGE_NAME='VM'
PACKAGE_STRING='VM 8.1.93a'
PACKAGE_TARNAME='vm'
PACKAGE_URL=''
PACKAGE_VERSION='8.1.93a'
PATH_SEPARATOR=':'
RM='/bin/rm'
SET_MAKE=''
SHELL='/bin/sh'
SYMLINKS='no'
TAR='tar'
TEXI2DVI='texi2dvi'
XARGS='xargs'
bindir='${exec_prefix}/bin'
build_alias=''
datadir='$(prefix)/share'
datarootdir='${prefix}/share'
docdir='${datarootdir}/doc/${PACKAGE_TARNAME}'
dvidir='${docdir}'
exec_prefix='${prefix}'
host_alias=''
htmldir='${docdir}'
includedir='${prefix}/include'
info_dir='${datarootdir}/info'
infodir='${datarootdir}/info'
libdir='${exec_prefix}/lib'
libexecdir='${exec_prefix}/libexec'
lispdir='$(prefix)/share/emacs/site-lisp/vm'
localedir='${datarootdir}/locale'
localstatedir='${prefix}/var'
mandir='${datarootdir}/man'
oldincludedir='/usr/include'
pdfdir='${docdir}'
pixmapdir='$(prefix)/share/vm'
prefix='/usr/local'
program_transform_name='s,x,x,'
psdir='${docdir}'
sbindir='${exec_prefix}/sbin'
sharedstatedir='${prefix}/com'
sysconfdir='${prefix}/etc'
target_alias=''

## ----------- ##
## confdefs.h. ##
## ----------- ##

/* confdefs.h */
#define PACKAGE_NAME "VM"
#define PACKAGE_TARNAME "vm"
#define PACKAGE_VERSION "8.1.93a"
#define PACKAGE_STRING "VM 8.1.93a"
#define PACKAGE_BUGREPORT "vm@lists.launchpad.net"
#define PACKAGE_URL ""

configure: exit 0
